BnBBasilic_UE4/Intermediate/Android/APK/gradle/app/build/outputs/mapping/release/seeds.txt
com.google.android.gms.drive.query.internal.zzu
com.google.android.gms.drive.query.internal.zzu: zzu()
com.google.android.gms.drive.query.internal.zzu: java.lang.Object[] newArray(int)
com.google.android.gms.drive.query.internal.zzu: java.lang.Object createFromParcel(android.os.Parcel)
com.google.android.gms.drive.query.internal.zzv
com.google.android.gms.drive.query.internal.zzv: android.os.Parcelable$Creator CREATOR
com.google.android.gms.drive.query.internal.zzv: zzv(com.google.android.gms.drive.query.Filter)
com.google.android.gms.drive.query.internal.zzv: java.lang.Object zza(com.google.android.gms.drive.query.internal.zzj)
com.google.android.gms.drive.query.internal.zzv: void writeToParcel(android.os.Parcel,int)
com.google.android.gms.drive.query.internal.zzw
com.google.android.gms.drive.query.internal.zzw: zzw()
com.google.android.gms.drive.query.internal.zzw: java.lang.Object[] newArray(int)
com.google.android.gms.drive.query.internal.zzw: java.lang.Object createFromParcel(android.os.Parcel)
com.google.android.gms.drive.query.internal.zzx
com.google.android.gms.drive.query.internal.zzx: android.os.Parcelable$Creator CREATOR
com.google.android.gms.drive.query.internal.zzx: com.google.android.gms.drive.query.internal.zzx zzgvp
com.google.android.gms.drive.query.internal.zzx: com.google.android.gms.drive.query.internal.zzx zzgvq
com.google.android.gms.drive.query.internal.zzx: com.google.android.gms.drive.query.internal.zzx zzgvr
com.google.android.gms.drive.query.internal.zzx: com.google.android.gms.drive.query.internal.zzx zzgvs
com.google.android.gms.drive.query.internal.zzx: com.google.android.gms.drive.query.internal.zzx zzgvt
com.google.android.gms.drive.query.internal.zzx: com.google.android.gms.drive.query.internal.zzx zzgvu
com.google.android.gms.drive.query.internal.zzx: com.google.android.gms.drive.query.internal.zzx zzgvv
com.google.android.gms.drive.query.internal.zzx: com.google.android.gms.drive.query.internal.zzx zzgvx
com.google.android.gms.drive.query.internal.zzx: java.lang.String getTag()
com.google.android.gms.drive.query.internal.zzx: void writeToParcel(android.os.Parcel,int)
com.google.android.gms.drive.query.internal.zzx: int hashCode()
com.google.android.gms.drive.query.internal.zzx: boolean equals(java.lang.Object)
com.google.android.gms.drive.query.internal.zzy
com.google.android.gms.drive.query.internal.zzy: zzy()
com.google.android.gms.drive.query.internal.zzy: java.lang.Object[] newArray(int)
com.google.android.gms.drive.query.internal.zzy: java.lang.Object createFromParcel(android.os.Parcel)
com.google.android.gms.drive.query.internal.zzz
com.google.android.gms.drive.query.internal.zzz: android.os.Parcelable$Creator CREATOR
com.google.android.gms.drive.query.internal.zzz: zzz()
com.google.android.gms.drive.query.internal.zzz: java.lang.Object zza(com.google.android.gms.drive.query.internal.zzj)
com.google.android.gms.drive.query.internal.zzz: void writeToParcel(android.os.Parcel,int)
com.google.android.gms.drive.query.zzb
com.google.android.gms.drive.query.zzb: zzb()
com.google.android.gms.drive.query.zzb: java.lang.Object[] newArray(int)
com.google.android.gms.drive.query.zzb: java.lang.Object createFromParcel(android.os.Parcel)
com.google.android.gms.drive.query.zzc
com.google.android.gms.drive.query.zzc: zzc()
com.google.android.gms.drive.query.zzc: java.lang.Object[] newArray(int)
com.google.android.gms.drive.query.zzc: java.lang.Object createFromParcel(android.os.Parcel)