BnBBasilic_UE4/Intermediate/Android/APK/gradle/app/build/outputs/mapping/release/mapping.txt
com.google.android.gms.internal.zzffu$zze -> com.google.android.gms.internal.zzffu$b:
    int zzpha -> a
    void <init>() -> <init>
    boolean zza(boolean,boolean,boolean,boolean) -> zza
    int zza(boolean,int,boolean,int) -> zza
    double zza(boolean,double,boolean,double) -> zza
    long zza(boolean,long,boolean,long) -> zza
    java.lang.String zza(boolean,java.lang.String,boolean,java.lang.String) -> zza
    com.google.android.gms.internal.zzfes zza(boolean,com.google.android.gms.internal.zzfes,boolean,com.google.android.gms.internal.zzfes) -> zza
    java.lang.Object zza(boolean,java.lang.Object,java.lang.Object) -> zza
    java.lang.Object zzb(boolean,java.lang.Object,java.lang.Object) -> zzb
    java.lang.Object zzc(boolean,java.lang.Object,java.lang.Object) -> zzc
    java.lang.Object zzd(boolean,java.lang.Object,java.lang.Object) -> zzd
    java.lang.Object zze(boolean,java.lang.Object,java.lang.Object) -> zze
    java.lang.Object zzf(boolean,java.lang.Object,java.lang.Object) -> zzf
    java.lang.Object zzg(boolean,java.lang.Object,java.lang.Object) -> zzg
    void zzdf(boolean) -> zzdf
    com.google.android.gms.internal.zzfhe zza(com.google.android.gms.internal.zzfhe,com.google.android.gms.internal.zzfhe) -> zza
    com.google.android.gms.internal.zzfgd zza(com.google.android.gms.internal.zzfgd,com.google.android.gms.internal.zzfgd) -> zza
com.google.android.gms.internal.zzffu$zzf -> com.google.android.gms.internal.zzffu$zzf:
    com.google.android.gms.internal.zzffu$zzf zzphb -> zzphb
    void <init>() -> <init>
    boolean zza(boolean,boolean,boolean,boolean) -> zza
    int zza(boolean,int,boolean,int) -> zza
    double zza(boolean,double,boolean,double) -> zza
    long zza(boolean,long,boolean,long) -> zza
    java.lang.String zza(boolean,java.lang.String,boolean,java.lang.String) -> zza
    com.google.android.gms.internal.zzfes zza(boolean,com.google.android.gms.internal.zzfes,boolean,com.google.android.gms.internal.zzfes) -> zza
    java.lang.Object zza(boolean,java.lang.Object,java.lang.Object) -> zza
    java.lang.Object zzb(boolean,java.lang.Object,java.lang.Object) -> zzb
    java.lang.Object zzc(boolean,java.lang.Object,java.lang.Object) -> zzc
    java.lang.Object zzd(boolean,java.lang.Object,java.lang.Object) -> zzd
    java.lang.Object zze(boolean,java.lang.Object,java.lang.Object) -> zze
    java.lang.Object zzf(boolean,java.lang.Object,java.lang.Object) -> zzf
    java.lang.Object zzg(boolean,java.lang.Object,java.lang.Object) -> zzg
    void zzdf(boolean) -> zzdf
    com.google.android.gms.internal.zzfhe zza(com.google.android.gms.internal.zzfhe,com.google.android.gms.internal.zzfhe) -> zza
    com.google.android.gms.internal.zzfgd zza(com.google.android.gms.internal.zzfgd,com.google.android.gms.internal.zzfgd) -> zza
com.google.android.gms.internal.zzffu$zzg -> com.google.android.gms.internal.zzffu$zzg:
    int zzphc -> zzphc
    int zzphd -> zzphd
    int zzphe -> zzphe
    int zzphf -> zzphf
    int zzphg -> zzphg
    int zzphh -> zzphh
    int zzphi -> zzphi
    int zzphj -> zzphj
    int zzphk -> zzphk
    int zzphl -> zzphl
    int[] zzphm -> a
    int zzphn -> zzphn
    int zzpho -> zzpho
    int[] zzphp -> b
    int[] values$50KLMJ33DTMIUPRFDTJMOP9FE1P6UT3FC9QMCBQ7CLN6ASJ1EHIM8JB5EDPM2PR59HKN8P949LIN8Q3FCHA6UIBEEPNMMP9R0() -> values$50KLMJ33DTMIUPRFDTJMOP9FE1P6UT3FC9QMCBQ7CLN6ASJ1EHIM8JB5EDPM2PR59HKN8P949LIN8Q3FCHA6UIBEEPNMMP9R0
    void <clinit>() -> <clinit>