BnBBasilic_UE4/Intermediate/Android/APK/gradle/app/build/outputs/mapping/release/usage.txt
com.google.android.vending.licensing.AESObfuscator:
    private static final java.lang.String UTF8
    private static final java.lang.String KEYGEN_ALGORITHM
    private static final java.lang.String CIPHER_ALGORITHM
    private static final java.lang.String header
com.google.android.vending.licensing.APKExpansionPolicy:
    private static final java.lang.String TAG
    private static final java.lang.String PREFS_FILE
    private static final java.lang.String PREF_LAST_RESPONSE
    private static final java.lang.String PREF_VALIDITY_TIMESTAMP
    private static final java.lang.String PREF_RETRY_UNTIL
    private static final java.lang.String PREF_MAX_RETRIES
    private static final java.lang.String PREF_RETRY_COUNT
    private static final java.lang.String DEFAULT_VALIDITY_TIMESTAMP
    private static final java.lang.String DEFAULT_RETRY_UNTIL
    private static final java.lang.String DEFAULT_MAX_RETRIES
    private static final java.lang.String DEFAULT_RETRY_COUNT
    private static final long MILLIS_PER_MINUTE
    public static final int MAIN_FILE_URL_INDEX
    public static final int PATCH_FILE_URL_INDEX
    197:197:public long getRetryCount()
    223:223:public long getValidityTimestamp()
    249:249:public long getRetryUntil()
    275:275:public long getMaxRetries()
com.google.android.vending.licensing.LicenseChecker:
    private static final java.lang.String TAG
    private static final java.lang.String KEY_FACTORY_ALGORITHM
    private static final int TIMEOUT_MS
    private static final boolean DEBUG_LICENSE_ERROR
    349:351:public synchronized void onDestroy()
com.google.android.vending.licensing.LicenseChecker$ResultListener:
    private static final int ERROR_CONTACTING_SERVER
    private static final int ERROR_INVALID_PACKAGE_NAME
    private static final int ERROR_NON_MATCHING_UID
com.google.android.vending.licensing.LicenseCheckerCallback:
    public static final int ERROR_INVALID_PACKAGE_NAME
    public static final int ERROR_NON_MATCHING_UID
    public static final int ERROR_NOT_MARKET_MANAGED
    public static final int ERROR_CHECK_IN_PROGRESS
    public static final int ERROR_INVALID_PUBLIC_KEY
    public static final int ERROR_MISSING_PERMISSION
com.google.android.vending.licensing.LicenseValidator:
    private static final java.lang.String TAG
    private static final int LICENSED
    private static final int NOT_LICENSED
    private static final int LICENSED_OLD_KEY
    private static final int ERROR_NOT_MARKET_MANAGED
    private static final int ERROR_SERVER_FAILURE
    private static final int ERROR_OVER_QUOTA
    private static final int ERROR_CONTACTING_SERVER
    private static final int ERROR_INVALID_PACKAGE_NAME
    private static final int ERROR_NON_MATCHING_UID
    private static final java.lang.String SIGNATURE_ALGORITHM
com.google.android.vending.licensing.Policy:
    public static final int LICENSED
    public static final int NOT_LICENSED
    public static final int RETRY
com.google.android.vending.licensing.PreferenceObfuscator:
    private static final java.lang.String TAG
com.google.android.vending.licensing.ServerManagedPolicy
com.google.android.vending.licensing.StrictPolicy
com.google.android.vending.licensing.ValidationException:
    private static final long serialVersionUID
com.google.android.vending.licensing.util.Base64:
    public static final boolean ENCODE
    public static final boolean DECODE
    private static final byte EQUALS_SIGN
    private static final byte NEW_LINE
    private static final byte WHITE_SPACE_ENC
    private static final byte EQUALS_SIGN_ENC
    258:258:public static java.lang.String encodeWebSafe(byte[],boolean)
    431:432:public static byte[] decodeWebSafe(java.lang.String)
    445:445:public static byte[] decode(byte[])
    458:458:public static byte[] decodeWebSafe(byte[])
    489:489:public static byte[] decodeWebSafe(byte[],int,int)
com.google.android.vending.licensing.util.Base64DecoderException:
    private static final long serialVersionUID